{"/Users/ruijie/Desktop/packages/nicehook/src/useLoading/index.tsx": {"path":"/Users/ruijie/Desktop/packages/nicehook/src/useLoading/index.tsx","statementMap":{"0":{"start":{"line":14,"column":2},"end":{"line":17,"column":3}},"1":{"start":{"line":21,"column":34},"end":{"line":21,"column":87}},"2":{"start":{"line":23,"column":22},"end":{"line":35,"column":3}},"3":{"start":{"line":25,"column":6},"end":{"line":25,"column":43}},"4":{"start":{"line":26,"column":6},"end":{"line":32,"column":7}},"5":{"start":{"line":27,"column":21},"end":{"line":27,"column":43}},"6":{"start":{"line":28,"column":8},"end":{"line":28,"column":52}},"7":{"start":{"line":31,"column":8},"end":{"line":31,"column":49}},"8":{"start":{"line":37,"column":2},"end":{"line":37,"column":32}}},"fnMap":{"0":{"name":"createResponse","decl":{"start":{"line":13,"column":9},"end":{"line":13,"column":23}},"loc":{"start":{"line":13,"column":81},"end":{"line":18,"column":1}},"line":13},"1":{"name":"useLoading","decl":{"start":{"line":20,"column":9},"end":{"line":20,"column":19}},"loc":{"start":{"line":20,"column":114},"end":{"line":38,"column":1}},"line":20},"2":{"name":"(anonymous_2)","decl":{"start":{"line":24,"column":4},"end":{"line":24,"column":5}},"loc":{"start":{"line":24,"column":30},"end":{"line":33,"column":5}},"line":24}},"branchMap":{"0":{"loc":{"start":{"line":13,"column":45},"end":{"line":13,"column":66}},"type":"default-arg","locations":[{"start":{"line":13,"column":62},"end":{"line":13,"column":66}}],"line":13}},"s":{"0":4,"1":4,"2":4,"3":2,"4":2,"5":2,"6":2,"7":0,"8":4},"f":{"0":4,"1":4,"2":2},"b":{"0":[2]},"_coverageSchema":"1a1c01bbd47fc00a2c39e90264f33305004495a9","hash":"3cd55f2a34fddd6615409f6b438dca60ecbfd0db"}
,"/Users/ruijie/Desktop/packages/nicehook/src/useRestHeight/index.tsx": {"path":"/Users/ruijie/Desktop/packages/nicehook/src/useRestHeight/index.tsx","statementMap":{"0":{"start":{"line":30,"column":53},"end":{"line":30,"column":58}},"1":{"start":{"line":31,"column":38},"end":{"line":31,"column":57}},"2":{"start":{"line":33,"column":18},"end":{"line":42,"column":3}},"3":{"start":{"line":35,"column":20},"end":{"line":35,"column":106}},"4":{"start":{"line":37,"column":4},"end":{"line":41,"column":5}},"5":{"start":{"line":38,"column":6},"end":{"line":38,"column":77}},"6":{"start":{"line":40,"column":6},"end":{"line":40,"column":56}},"7":{"start":{"line":44,"column":21},"end":{"line":46,"column":3}},"8":{"start":{"line":45,"column":4},"end":{"line":45,"column":85}},"9":{"start":{"line":45,"column":38},"end":{"line":45,"column":80}},"10":{"start":{"line":48,"column":25},"end":{"line":57,"column":3}},"11":{"start":{"line":49,"column":25},"end":{"line":49,"column":43}},"12":{"start":{"line":50,"column":4},"end":{"line":55,"column":5}},"13":{"start":{"line":51,"column":28},"end":{"line":51,"column":52}},"14":{"start":{"line":52,"column":28},"end":{"line":52,"column":92}},"15":{"start":{"line":52,"column":58},"end":{"line":52,"column":88}},"16":{"start":{"line":53,"column":27},"end":{"line":53,"column":69}},"17":{"start":{"line":53,"column":56},"end":{"line":53,"column":65}},"18":{"start":{"line":54,"column":6},"end":{"line":54,"column":58}},"19":{"start":{"line":56,"column":4},"end":{"line":56,"column":13}},"20":{"start":{"line":59,"column":27},"end":{"line":62,"column":3}},"21":{"start":{"line":60,"column":23},"end":{"line":60,"column":39}},"22":{"start":{"line":61,"column":4},"end":{"line":61,"column":30}},"23":{"start":{"line":64,"column":2},"end":{"line":66,"column":37}},"24":{"start":{"line":65,"column":4},"end":{"line":65,"column":23}},"25":{"start":{"line":69,"column":18},"end":{"line":77,"column":3}},"26":{"start":{"line":70,"column":17},"end":{"line":70,"column":39}},"27":{"start":{"line":72,"column":21},"end":{"line":72,"column":100}},"28":{"start":{"line":74,"column":4},"end":{"line":76,"column":5}},"29":{"start":{"line":75,"column":6},"end":{"line":75,"column":56}},"30":{"start":{"line":75,"column":27},"end":{"line":75,"column":54}},"31":{"start":{"line":79,"column":2},"end":{"line":92,"column":28}},"32":{"start":{"line":81,"column":27},"end":{"line":81,"column":63}},"33":{"start":{"line":84,"column":4},"end":{"line":84,"column":39}},"34":{"start":{"line":87,"column":4},"end":{"line":87,"column":63}},"35":{"start":{"line":87,"column":31},"end":{"line":87,"column":61}},"36":{"start":{"line":89,"column":4},"end":{"line":91,"column":5}},"37":{"start":{"line":90,"column":6},"end":{"line":90,"column":34}},"38":{"start":{"line":94,"column":2},"end":{"line":94,"column":40}}},"fnMap":{"0":{"name":"useRestHeight","decl":{"start":{"line":29,"column":9},"end":{"line":29,"column":22}},"loc":{"start":{"line":29,"column":57},"end":{"line":95,"column":1}},"line":29},"1":{"name":"(anonymous_1)","decl":{"start":{"line":33,"column":18},"end":{"line":33,"column":19}},"loc":{"start":{"line":33,"column":72},"end":{"line":42,"column":3}},"line":33},"2":{"name":"(anonymous_2)","decl":{"start":{"line":44,"column":21},"end":{"line":44,"column":22}},"loc":{"start":{"line":44,"column":46},"end":{"line":46,"column":3}},"line":44},"3":{"name":"(anonymous_3)","decl":{"start":{"line":45,"column":24},"end":{"line":45,"column":25}},"loc":{"start":{"line":45,"column":38},"end":{"line":45,"column":80}},"line":45},"4":{"name":"(anonymous_4)","decl":{"start":{"line":48,"column":25},"end":{"line":48,"column":26}},"loc":{"start":{"line":48,"column":31},"end":{"line":57,"column":3}},"line":48},"5":{"name":"(anonymous_5)","decl":{"start":{"line":52,"column":44},"end":{"line":52,"column":45}},"loc":{"start":{"line":52,"column":58},"end":{"line":52,"column":88}},"line":52},"6":{"name":"(anonymous_6)","decl":{"start":{"line":53,"column":42},"end":{"line":53,"column":43}},"loc":{"start":{"line":53,"column":56},"end":{"line":53,"column":65}},"line":53},"7":{"name":"(anonymous_7)","decl":{"start":{"line":59,"column":27},"end":{"line":59,"column":28}},"loc":{"start":{"line":59,"column":33},"end":{"line":62,"column":3}},"line":59},"8":{"name":"(anonymous_8)","decl":{"start":{"line":64,"column":12},"end":{"line":64,"column":13}},"loc":{"start":{"line":64,"column":18},"end":{"line":66,"column":3}},"line":64},"9":{"name":"(anonymous_9)","decl":{"start":{"line":69,"column":18},"end":{"line":69,"column":19}},"loc":{"start":{"line":69,"column":89},"end":{"line":77,"column":3}},"line":69},"10":{"name":"(anonymous_10)","decl":{"start":{"line":75,"column":20},"end":{"line":75,"column":21}},"loc":{"start":{"line":75,"column":27},"end":{"line":75,"column":54}},"line":75},"11":{"name":"(anonymous_11)","decl":{"start":{"line":79,"column":12},"end":{"line":79,"column":13}},"loc":{"start":{"line":79,"column":18},"end":{"line":92,"column":3}},"line":79},"12":{"name":"(anonymous_12)","decl":{"start":{"line":87,"column":22},"end":{"line":87,"column":23}},"loc":{"start":{"line":87,"column":31},"end":{"line":87,"column":61}},"line":87},"13":{"name":"(anonymous_13)","decl":{"start":{"line":89,"column":11},"end":{"line":89,"column":12}},"loc":{"start":{"line":89,"column":17},"end":{"line":91,"column":5}},"line":89}},"branchMap":{"0":{"loc":{"start":{"line":30,"column":21},"end":{"line":30,"column":34}},"type":"default-arg","locations":[{"start":{"line":30,"column":32},"end":{"line":30,"column":34}}],"line":30},"1":{"loc":{"start":{"line":30,"column":36},"end":{"line":30,"column":48}},"type":"default-arg","locations":[{"start":{"line":30,"column":46},"end":{"line":30,"column":48}}],"line":30},"2":{"loc":{"start":{"line":35,"column":20},"end":{"line":35,"column":106}},"type":"cond-expr","locations":[{"start":{"line":35,"column":68},"end":{"line":35,"column":90}},{"start":{"line":35,"column":93},"end":{"line":35,"column":106}}],"line":35},"3":{"loc":{"start":{"line":37,"column":4},"end":{"line":41,"column":5}},"type":"if","locations":[{"start":{"line":37,"column":4},"end":{"line":41,"column":5}},{"start":{"line":39,"column":11},"end":{"line":41,"column":5}}],"line":37},"4":{"loc":{"start":{"line":40,"column":13},"end":{"line":40,"column":55}},"type":"cond-expr","locations":[{"start":{"line":40,"column":32},"end":{"line":40,"column":50}},{"start":{"line":40,"column":53},"end":{"line":40,"column":55}}],"line":40},"5":{"loc":{"start":{"line":50,"column":4},"end":{"line":55,"column":5}},"type":"if","locations":[{"start":{"line":50,"column":4},"end":{"line":55,"column":5}},{"start":{},"end":{}}],"line":50},"6":{"loc":{"start":{"line":72,"column":21},"end":{"line":72,"column":100}},"type":"cond-expr","locations":[{"start":{"line":72,"column":70},"end":{"line":72,"column":93}},{"start":{"line":72,"column":96},"end":{"line":72,"column":100}}],"line":72},"7":{"loc":{"start":{"line":74,"column":4},"end":{"line":76,"column":5}},"type":"if","locations":[{"start":{"line":74,"column":4},"end":{"line":76,"column":5}},{"start":{},"end":{}}],"line":74}},"s":{"0":9,"1":9,"2":9,"3":21,"4":21,"5":19,"6":2,"7":9,"8":11,"9":11,"10":9,"11":6,"12":6,"13":5,"14":5,"15":6,"16":5,"17":2,"18":5,"19":1,"20":9,"21":6,"22":6,"23":9,"24":6,"25":9,"26":9,"27":9,"28":9,"29":9,"30":8,"31":9,"32":5,"33":5,"34":5,"35":4,"36":5,"37":5,"38":9},"f":{"0":9,"1":21,"2":11,"3":11,"4":6,"5":6,"6":2,"7":6,"8":6,"9":9,"10":8,"11":5,"12":4,"13":5},"b":{"0":[4],"1":[7],"2":[0,21],"3":[19,2],"4":[0,2],"5":[5,1],"6":[0,9],"7":[9,0]},"_coverageSchema":"1a1c01bbd47fc00a2c39e90264f33305004495a9","hash":"f8f43a52db8aa4d03c2effed958708b0ffaa38f0"}
}
