TN:
SF:src/useLoading/index.tsx
FN:13,createResponse
FN:20,useLoading
FN:24,(anonymous_2)
FNF:3
FNH:3
FNDA:4,createResponse
FNDA:4,useLoading
FNDA:2,(anonymous_2)
DA:14,4
DA:21,4
DA:23,4
DA:25,2
DA:26,2
DA:27,2
DA:28,2
DA:31,0
DA:37,4
LF:9
LH:8
BRDA:13,0,0,2
BRF:1
BRH:1
end_of_record
TN:
SF:src/useRestHeight/index.tsx
FN:29,useRestHeight
FN:33,(anonymous_1)
FN:44,(anonymous_2)
FN:45,(anonymous_3)
FN:48,(anonymous_4)
FN:52,(anonymous_5)
FN:53,(anonymous_6)
FN:59,(anonymous_7)
FN:64,(anonymous_8)
FN:69,(anonymous_9)
FN:75,(anonymous_10)
FN:79,(anonymous_11)
FN:87,(anonymous_12)
FN:89,(anonymous_13)
FNF:14
FNH:14
FNDA:9,useRestHeight
FNDA:21,(anonymous_1)
FNDA:11,(anonymous_2)
FNDA:11,(anonymous_3)
FNDA:6,(anonymous_4)
FNDA:6,(anonymous_5)
FNDA:2,(anonymous_6)
FNDA:6,(anonymous_7)
FNDA:6,(anonymous_8)
FNDA:9,(anonymous_9)
FNDA:8,(anonymous_10)
FNDA:5,(anonymous_11)
FNDA:4,(anonymous_12)
FNDA:5,(anonymous_13)
DA:30,9
DA:31,9
DA:33,9
DA:35,21
DA:37,21
DA:38,19
DA:40,2
DA:44,9
DA:45,11
DA:48,9
DA:49,6
DA:50,6
DA:51,5
DA:52,6
DA:53,5
DA:54,5
DA:56,1
DA:59,9
DA:60,6
DA:61,6
DA:64,9
DA:65,6
DA:69,9
DA:70,9
DA:72,9
DA:74,9
DA:75,9
DA:79,9
DA:81,5
DA:84,5
DA:87,5
DA:89,5
DA:90,5
DA:94,9
LF:34
LH:34
BRDA:30,0,0,4
BRDA:30,1,0,7
BRDA:35,2,0,0
BRDA:35,2,1,21
BRDA:37,3,0,19
BRDA:37,3,1,2
BRDA:40,4,0,0
BRDA:40,4,1,2
BRDA:50,5,0,5
BRDA:50,5,1,1
BRDA:72,6,0,0
BRDA:72,6,1,9
BRDA:74,7,0,9
BRDA:74,7,1,0
BRF:14
BRH:10
end_of_record
